Release 14.7 - xst P.20131013 (lin64)
Copyright (c) 1995-2013 Xilinx, Inc.  All rights reserved.
--> 
Parameter TMPDIR set to xst/projnav.tmp


Total REAL time to Xst completion: 0.00 secs
Total CPU time to Xst completion: 0.04 secs
 
--> 
Parameter xsthdpdir set to xst


Total REAL time to Xst completion: 0.00 secs
Total CPU time to Xst completion: 0.04 secs
 
--> 
Reading design: man_mod.prj

TABLE OF CONTENTS
  1) Synthesis Options Summary
  2) HDL Parsing
  3) HDL Elaboration
  4) HDL Synthesis
       4.1) HDL Synthesis Report
  5) Advanced HDL Synthesis
       5.1) Advanced HDL Synthesis Report
  6) Low Level Synthesis
  7) Partition Report
  8) Design Summary
       8.1) Primitive and Black Box Usage
       8.2) Device utilization summary
       8.3) Partition Resource Summary
       8.4) Timing Report
            8.4.1) Clock Information
            8.4.2) Asynchronous Control Signals Information
            8.4.3) Timing Summary
            8.4.4) Timing Details
            8.4.5) Cross Clock Domains Report


=========================================================================
*                      Synthesis Options Summary                        *
=========================================================================
---- Source Parameters
Input File Name                    : "man_mod.prj"
Ignore Synthesis Constraint File   : NO

---- Target Parameters
Output File Name                   : "man_mod"
Output Format                      : NGC
Target Device                      : xc6slx9-2-csg324

---- Source Options
Top Module Name                    : man_mod
Automatic FSM Extraction           : YES
FSM Encoding Algorithm             : Auto
Safe Implementation                : No
FSM Style                          : LUT
RAM Extraction                     : Yes
RAM Style                          : Auto
ROM Extraction                     : Yes
Shift Register Extraction          : YES
ROM Style                          : Auto
Resource Sharing                   : YES
Asynchronous To Synchronous        : NO
Shift Register Minimum Size        : 2
Use DSP Block                      : Auto
Automatic Register Balancing       : No

---- Target Options
LUT Combining                      : Auto
Reduce Control Sets                : Auto
Add IO Buffers                     : YES
Global Maximum Fanout              : 100000
Add Generic Clock Buffer(BUFG)     : 16
Register Duplication               : YES
Optimize Instantiated Primitives   : NO
Use Clock Enable                   : Auto
Use Synchronous Set                : Auto
Use Synchronous Reset              : Auto
Pack IO Registers into IOBs        : Auto
Equivalent register Removal        : YES

---- General Options
Optimization Goal                  : Speed
Optimization Effort                : 1
Power Reduction                    : NO
Keep Hierarchy                     : No
Netlist Hierarchy                  : As_Optimized
RTL Output                         : Yes
Global Optimization                : AllClockNets
Read Cores                         : YES
Write Timing Constraints           : NO
Cross Clock Analysis               : NO
Hierarchy Separator                : /
Bus Delimiter                      : <>
Case Specifier                     : Maintain
Slice Utilization Ratio            : 100
BRAM Utilization Ratio             : 100
DSP48 Utilization Ratio            : 100
Auto BRAM Packing                  : NO
Slice Utilization Ratio Delta      : 5

=========================================================================


=========================================================================
*                          HDL Parsing                                  *
=========================================================================
Analyzing Verilog file "/home/juan/Proyecto final/utn_rfid/VERILOG/Manchester/ISE Manchester/proyecto/manch_mod.v" into library work
Parsing module <man_mod>.

=========================================================================
*                            HDL Elaboration                            *
=========================================================================

Elaborating module <man_mod>.

=========================================================================
*                           HDL Synthesis                               *
=========================================================================

Synthesizing Unit <man_mod>.
    Related source file is "/home/juan/Proyecto final/utn_rfid/VERILOG/Manchester/ISE Manchester/proyecto/manch_mod.v".
        N = 3
    Found 1-bit register for signal <etu>.
    Found 3-bit register for signal <count>.
    Found 3-bit adder for signal <count[2]_GND_1_o_add_1_OUT> created at line 29.
    Summary:
	inferred   1 Adder/Subtractor(s).
	inferred   4 D-type flip-flop(s).
	inferred   5 Multiplexer(s).
Unit <man_mod> synthesized.

=========================================================================
HDL Synthesis Report

Macro Statistics
# Adders/Subtractors                                   : 1
 3-bit adder                                           : 1
# Registers                                            : 2
 1-bit register                                        : 1
 3-bit register                                        : 1
# Multiplexers                                         : 5
 1-bit 2-to-1 multiplexer                              : 4
 3-bit 2-to-1 multiplexer                              : 1

=========================================================================

=========================================================================
*                       Advanced HDL Synthesis                          *
=========================================================================


Synthesizing (advanced) Unit <man_mod>.
The following registers are absorbed into counter <count>: 1 register on signal <count>.
Unit <man_mod> synthesized (advanced).

=========================================================================
Advanced HDL Synthesis Report

Macro Statistics
# Counters                                             : 1
 3-bit up counter                                      : 1
# Registers                                            : 1
 Flip-Flops                                            : 1
# Multiplexers                                         : 4
 1-bit 2-to-1 multiplexer                              : 4

=========================================================================

=========================================================================
*                         Low Level Synthesis                           *
=========================================================================

Optimizing unit <man_mod> ...

Mapping all equations...
Building and optimizing final netlist ...
Found area constraint ratio of 100 (+ 5) on block man_mod, actual ratio is 0.

Final Macro Processing ...

=========================================================================
Final Register Report

Macro Statistics
# Registers                                            : 4
 Flip-Flops                                            : 4

=========================================================================

=========================================================================
*                           Partition Report                            *
=========================================================================

Partition Implementation Status
-------------------------------

  No Partitions were found in this design.

-------------------------------

=========================================================================
*                            Design Summary                             *
=========================================================================

Top Level Output File Name         : man_mod.ngc

Primitive and Black Box Usage:
------------------------------
# BELS                             : 7
#      INV                         : 3
#      LUT2                        : 1
#      LUT3                        : 1
#      LUT4                        : 2
# FlipFlops/Latches                : 4
#      FDC                         : 3
#      FDC_1                       : 1
# Clock Buffers                    : 1
#      BUFG                        : 1
# IO Buffers                       : 4
#      IBUF                        : 3
#      OBUF                        : 1

Device utilization summary:
---------------------------

Selected Device : 6slx9csg324-2 


Slice Logic Utilization: 
 Number of Slice Registers:               4  out of  11440     0%  
 Number of Slice LUTs:                    7  out of   5720     0%  
    Number used as Logic:                 7  out of   5720     0%  

Slice Logic Distribution: 
 Number of LUT Flip Flop pairs used:     11
   Number with an unused Flip Flop:       7  out of     11    63%  
   Number with an unused LUT:             4  out of     11    36%  
   Number of fully used LUT-FF pairs:     0  out of     11     0%  
   Number of unique control sets:         2

IO Utilization: 
 Number of IOs:                           4
 Number of bonded IOBs:                   4  out of    200     2%  

Specific Feature Utilization:
 Number of BUFG/BUFGCTRLs:                1  out of     16     6%  

---------------------------
Partition Resource Summary:
---------------------------

  No Partitions were found in this design.

---------------------------


=========================================================================
Timing Report

NOTE: THESE TIMING NUMBERS ARE ONLY A SYNTHESIS ESTIMATE.
      FOR ACCURATE TIMING INFORMATION PLEASE REFER TO THE TRACE REPORT
      GENERATED AFTER PLACE-and-ROUTE.

Clock Information:
------------------
-----------------------------------+------------------------+-------+
Clock Signal                       | Clock buffer(FF name)  | Load  |
-----------------------------------+------------------------+-------+
clk                                | IBUF+BUFG              | 4     |
-----------------------------------+------------------------+-------+

Asynchronous Control Signals Information:
----------------------------------------
No asynchronous control signals found in this design

Timing Summary:
---------------
Speed Grade: -2

   Minimum period: 2.338ns (Maximum Frequency: 427.716MHz)
   Minimum input arrival time before clock: 3.570ns
   Maximum output required time after clock: 5.307ns
   Maximum combinational path delay: 6.177ns

Timing Details:
---------------
All values displayed in nanoseconds (ns)

=========================================================================
Timing constraint: Default period analysis for Clock 'clk'
  Clock period: 2.338ns (frequency: 427.716MHz)
  Total number of paths / destination ports: 10 / 4
-------------------------------------------------------------------------
Delay:               2.338ns (Levels of Logic = 1)
  Source:            count_0 (FF)
  Destination:       count_0 (FF)
  Source Clock:      clk falling
  Destination Clock: clk falling

  Data Path: count_0 to count_0
                                Gate     Net
    Cell:in->out      fanout   Delay   Delay  Logical Name (Net Name)
    ----------------------------------------  ------------
     FDC:C->Q              4   0.525   0.803  count_0 (count_0)
     INV:I->O              1   0.255   0.681  Mcount_count_xor<0>11_INV_0 (Mcount_count)
     FDC:D                     0.074          count_0
    ----------------------------------------
    Total                      2.338ns (0.854ns logic, 1.484ns route)
                                       (36.5% logic, 63.5% route)

=========================================================================
Timing constraint: Default OFFSET IN BEFORE for Clock 'clk'
  Total number of paths / destination ports: 4 / 4
-------------------------------------------------------------------------
Offset:              3.570ns (Levels of Logic = 2)
  Source:            in_enable (PAD)
  Destination:       count_0 (FF)
  Destination Clock: clk falling

  Data Path: in_enable to count_0
                                Gate     Net
    Cell:in->out      fanout   Delay   Delay  Logical Name (Net Name)
    ----------------------------------------  ------------
     IBUF:I->O             2   1.328   0.725  in_enable_IBUF (in_enable_IBUF)
     INV:I->O              4   0.255   0.803  in_enable_inv1_INV_0 (in_enable_inv)
     FDC:CLR                   0.459          count_0
    ----------------------------------------
    Total                      3.570ns (2.042ns logic, 1.528ns route)
                                       (57.2% logic, 42.8% route)

=========================================================================
Timing constraint: Default OFFSET OUT AFTER for Clock 'clk'
  Total number of paths / destination ports: 1 / 1
-------------------------------------------------------------------------
Offset:              5.307ns (Levels of Logic = 2)
  Source:            etu (FF)
  Destination:       out_data (PAD)
  Source Clock:      clk falling

  Data Path: etu to out_data
                                Gate     Net
    Cell:in->out      fanout   Delay   Delay  Logical Name (Net Name)
    ----------------------------------------  ------------
     FDC_1:C->Q            2   0.525   0.954  etu (etu)
     LUT4:I1->O            1   0.235   0.681  Mmux_out_data11 (out_data_OBUF)
     OBUF:I->O                 2.912          out_data_OBUF (out_data)
    ----------------------------------------
    Total                      5.307ns (3.672ns logic, 1.635ns route)
                                       (69.2% logic, 30.8% route)

=========================================================================
Timing constraint: Default path analysis
  Total number of paths / destination ports: 3 / 1
-------------------------------------------------------------------------
Delay:               6.177ns (Levels of Logic = 3)
  Source:            in_enable (PAD)
  Destination:       out_data (PAD)

  Data Path: in_enable to out_data
                                Gate     Net
    Cell:in->out      fanout   Delay   Delay  Logical Name (Net Name)
    ----------------------------------------  ------------
     IBUF:I->O             2   1.328   1.002  in_enable_IBUF (in_enable_IBUF)
     LUT4:I0->O            1   0.254   0.681  Mmux_out_data11 (out_data_OBUF)
     OBUF:I->O                 2.912          out_data_OBUF (out_data)
    ----------------------------------------
    Total                      6.177ns (4.494ns logic, 1.683ns route)
                                       (72.8% logic, 27.2% route)

=========================================================================

Cross Clock Domains Report:
--------------------------

Clock to Setup on destination clock clk
---------------+---------+---------+---------+---------+
               | Src:Rise| Src:Fall| Src:Rise| Src:Fall|
Source Clock   |Dest:Rise|Dest:Rise|Dest:Fall|Dest:Fall|
---------------+---------+---------+---------+---------+
clk            |         |         |    2.338|         |
---------------+---------+---------+---------+---------+

=========================================================================


Total REAL time to Xst completion: 6.00 secs
Total CPU time to Xst completion: 5.06 secs
 
--> 


Total memory usage is 388492 kilobytes

Number of errors   :    0 (   0 filtered)
Number of warnings :    0 (   0 filtered)
Number of infos    :    0 (   0 filtered)

