#! /usr/bin/vvp
:ivl_version "0.9.7 " "(v0_9_7)";
:vpi_time_precision - 6;
:vpi_module "system";
:vpi_module "v2005_math";
:vpi_module "va_math";
S_0x26d2a20 .scope module, "man_mod_tb" "man_mod_tb" 2 9;
 .timescale -6 -6;
v0x26e7e10_0 .var "clk", 0 0;
v0x26e7eb0_0 .var "in_data", 0 0;
v0x26e7f60_0 .var "in_enable", 0 0;
v0x26e8010_0 .net "out_data", 0 0, v0x26e7d30_0; 1 drivers
S_0x26d2b10 .scope module, "u1" "man_mod" 2 18, 3 10, S_0x26d2a20;
 .timescale -6 -6;
P_0x269b9f8 .param/l "N" 3 10, +C4<011>;
v0x269b690_0 .net "clk", 0 0, v0x26e7e10_0; 1 drivers
v0x26e7aa0_0 .var "count", 2 0;
v0x26e7b40_0 .var "etu", 0 0;
v0x26e7be0_0 .net "in_data", 0 0, v0x26e7eb0_0; 1 drivers
v0x26e7c90_0 .net "in_enable", 0 0, v0x26e7f60_0; 1 drivers
v0x26e7d30_0 .var "out_data", 0 0;
E_0x26afb60/0 .event negedge, v0x26e7c90_0;
E_0x26afb60/1 .event posedge, v0x269b690_0;
E_0x26afb60 .event/or E_0x26afb60/0, E_0x26afb60/1;
E_0x269bc10 .event negedge, v0x26e7c90_0, v0x269b690_0;
    .scope S_0x26d2b10;
T_0 ;
    %wait E_0x269bc10;
    %load/v 8, v0x26e7c90_0, 1;
    %inv 8, 1;
    %jmp/0xz  T_0.0, 8;
    %ix/load 0, 1, 0;
    %assign/v0 v0x26e7d30_0, 0, 0;
    %ix/load 0, 1, 0;
    %assign/v0 v0x26e7b40_0, 0, 0;
    %ix/load 0, 3, 0;
    %assign/v0 v0x26e7aa0_0, 0, 0;
    %jmp T_0.1;
T_0.0 ;
    %load/v 8, v0x26e7aa0_0, 3;
    %mov 11, 0, 29;
    %addi 8, 1, 32;
    %ix/load 0, 3, 0;
    %assign/v0 v0x26e7aa0_0, 0, 8;
    %load/v 8, v0x26e7aa0_0, 3;
    %cmpi/u 8, 4, 3;
    %jmp/0xz  T_0.2, 4;
    %load/v 8, v0x26e7b40_0, 1;
    %inv 8, 1;
    %set/v v0x26e7b40_0, 8, 1;
    %movi 8, 1, 3;
    %ix/load 0, 3, 0;
    %assign/v0 v0x26e7aa0_0, 0, 8;
T_0.2 ;
    %load/v 8, v0x26e7b40_0, 1;
    %inv 8, 1;
    %jmp/0xz  T_0.4, 8;
    %load/v 8, v0x26e7be0_0, 1;
    %jmp/0xz  T_0.6, 8;
    %load/v 8, v0x269b690_0, 1;
    %ix/load 0, 1, 0;
    %assign/v0 v0x26e7d30_0, 0, 8;
    %jmp T_0.7;
T_0.6 ;
    %ix/load 0, 1, 0;
    %assign/v0 v0x26e7d30_0, 0, 1;
T_0.7 ;
    %jmp T_0.5;
T_0.4 ;
    %load/v 8, v0x26e7be0_0, 1;
    %inv 8, 1;
    %jmp/0xz  T_0.8, 8;
    %load/v 8, v0x269b690_0, 1;
    %ix/load 0, 1, 0;
    %assign/v0 v0x26e7d30_0, 0, 8;
    %jmp T_0.9;
T_0.8 ;
    %ix/load 0, 1, 0;
    %assign/v0 v0x26e7d30_0, 0, 1;
T_0.9 ;
T_0.5 ;
T_0.1 ;
    %jmp T_0;
    .thread T_0;
    .scope S_0x26d2b10;
T_1 ;
    %wait E_0x26afb60;
    %load/v 8, v0x26e7c90_0, 1;
    %inv 8, 1;
    %jmp/0xz  T_1.0, 8;
    %ix/load 0, 1, 0;
    %assign/v0 v0x26e7d30_0, 0, 0;
    %ix/load 0, 1, 0;
    %assign/v0 v0x26e7b40_0, 0, 0;
    %ix/load 0, 3, 0;
    %assign/v0 v0x26e7aa0_0, 0, 0;
    %jmp T_1.1;
T_1.0 ;
    %load/v 8, v0x26e7b40_0, 1;
    %inv 8, 1;
    %jmp/0xz  T_1.2, 8;
    %load/v 8, v0x26e7be0_0, 1;
    %jmp/0xz  T_1.4, 8;
    %load/v 8, v0x269b690_0, 1;
    %ix/load 0, 1, 0;
    %assign/v0 v0x26e7d30_0, 0, 8;
    %jmp T_1.5;
T_1.4 ;
    %ix/load 0, 1, 0;
    %assign/v0 v0x26e7d30_0, 0, 1;
T_1.5 ;
    %jmp T_1.3;
T_1.2 ;
    %load/v 8, v0x26e7be0_0, 1;
    %inv 8, 1;
    %jmp/0xz  T_1.6, 8;
    %load/v 8, v0x269b690_0, 1;
    %ix/load 0, 1, 0;
    %assign/v0 v0x26e7d30_0, 0, 8;
T_1.6 ;
T_1.3 ;
T_1.1 ;
    %jmp T_1;
    .thread T_1;
    .scope S_0x26d2a20;
T_2 ;
    %set/v v0x26e7e10_0, 0, 1;
    %set/v v0x26e7eb0_0, 0, 1;
    %set/v v0x26e7f60_0, 0, 1;
    %end;
    .thread T_2;
    .scope S_0x26d2a20;
T_3 ;
    %delay 1, 0;
    %load/v 8, v0x26e7e10_0, 1;
    %inv 8, 1;
    %set/v v0x26e7e10_0, 8, 1;
    %jmp T_3;
    .thread T_3;
    .scope S_0x26d2a20;
T_4 ;
    %delay 10, 0;
    %movi 8, 4, 4;
T_4.0 %cmp/s 0, 8, 4;
    %jmp/0xz T_4.1, 5;
    %add 8, 1, 4;
    %delay 8, 0;
    %load/v 12, v0x26e7eb0_0, 1;
    %inv 12, 1;
    %set/v v0x26e7eb0_0, 12, 1;
    %jmp T_4.0;
T_4.1 ;
    %delay 36, 0;
    %set/v v0x26e7f60_0, 1, 1;
    %delay 16, 0;
    %movi 8, 4, 4;
T_4.2 %cmp/s 0, 8, 4;
    %jmp/0xz T_4.3, 5;
    %add 8, 1, 4;
    %delay 16, 0;
    %load/v 12, v0x26e7eb0_0, 1;
    %inv 12, 1;
    %set/v v0x26e7eb0_0, 12, 1;
    %jmp T_4.2;
T_4.3 ;
    %set/v v0x26e7eb0_0, 0, 1;
    %delay 16, 0;
    %set/v v0x26e7eb0_0, 1, 1;
    %delay 32, 0;
    %set/v v0x26e7f60_0, 0, 1;
    %delay 16, 0;
    %vpi_call 2 49 "$finish";
    %end;
    .thread T_4;
    .scope S_0x26d2a20;
T_5 ;
    %vpi_call 2 57 "$dumpfile", "man_mod_tb.vcd";
    %vpi_call 2 58 "$dumpvars", 1'sb0, S_0x26d2a20;
    %end;
    .thread T_5;
# The file index is used to find the file name in the following table.
:file_names 4;
    "N/A";
    "<interactive>";
    "tb_manch_mod.v";
    "manch_mod.v";
