#! /usr/bin/vvp
:ivl_version "0.9.7 " "(v0_9_7)";
:vpi_time_precision - 6;
:vpi_module "system";
:vpi_module "v2005_math";
:vpi_module "va_math";
S_0x9a4d800 .scope module, "SoF_Detect_tb" "SoF_Detect_tb" 2 15;
 .timescale -6 -6;
v0x9a4a810_0 .var "in_PoR", 0 0;
v0x9a4a870_0 .var "in_clk", 0 0;
v0x9a4a8e0_0 .var "in_data", 0 0;
v0x9a4a950_0 .var "in_pause", 0 0;
v0x9a4a9c0_0 .var "in_y_detected", 0 0;
v0x9a4aa30_0 .net "out_enable", 0 0, v0x9a4a648_0; 1 drivers
S_0x9a4d880 .scope module, "u1" "SoF_Detect" 2 26, 3 9, S_0x9a4d800;
 .timescale -6 -6;
P_0x9a4b50c .param/l "N" 3 9, +C4<0101>;
v0x9a4d900_0 .net "in_PoR", 0 0, v0x9a4a810_0; 1 drivers
v0x9a4a4c0_0 .net "in_clk", 0 0, v0x9a4a870_0; 1 drivers
v0x9a4a520_0 .net "in_data", 0 0, v0x9a4a8e0_0; 1 drivers
v0x9a4a580_0 .net "in_pause", 0 0, v0x9a4a950_0; 1 drivers
v0x9a4a5e8_0 .net "in_y_detected", 0 0, v0x9a4a9c0_0; 1 drivers
v0x9a4a648_0 .var "out_enable", 0 0;
v0x9a4a6c8_0 .var "reg_count", 4 0;
v0x9a4a728_0 .var "reg_flag", 0 0;
v0x9a4a7b0_0 .var "reg_pause", 0 0;
E_0x9a4b3d8/0 .event negedge, v0x9a4a4c0_0;
E_0x9a4b3d8/1 .event posedge, v0x9a4a5e8_0, v0x9a4a580_0;
E_0x9a4b3d8 .event/or E_0x9a4b3d8/0, E_0x9a4b3d8/1;
    .scope S_0x9a4d880;
T_0 ;
    %wait E_0x9a4b3d8;
    %load/v 8, v0x9a4d900_0, 1;
    %inv 8, 1;
    %jmp/0xz  T_0.0, 8;
    %ix/load 0, 1, 0;
    %assign/v0 v0x9a4a7b0_0, 0, 0;
    %ix/load 0, 1, 0;
    %assign/v0 v0x9a4a728_0, 0, 0;
    %ix/load 0, 5, 0;
    %assign/v0 v0x9a4a6c8_0, 0, 0;
    %ix/load 0, 1, 0;
    %assign/v0 v0x9a4a648_0, 0, 0;
    %jmp T_0.1;
T_0.0 ;
    %load/v 8, v0x9a4a580_0, 1;
    %jmp/0xz  T_0.2, 8;
    %load/v 8, v0x9a4a580_0, 1;
    %ix/load 0, 1, 0;
    %assign/v0 v0x9a4a7b0_0, 0, 8;
T_0.2 ;
    %load/v 8, v0x9a4a728_0, 1;
    %inv 8, 1;
    %jmp/0xz  T_0.4, 8;
    %load/v 8, v0x9a4a7b0_0, 1;
    %jmp/0xz  T_0.6, 8;
    %load/v 8, v0x9a4a6c8_0, 5;
    %mov 13, 0, 27;
    %addi 8, 1, 32;
    %ix/load 0, 5, 0;
    %assign/v0 v0x9a4a6c8_0, 0, 8;
    %load/v 8, v0x9a4a6c8_0, 5;
    %cmpi/u 8, 15, 5;
    %jmp/0xz  T_0.8, 4;
    %ix/load 0, 1, 0;
    %assign/v0 v0x9a4a648_0, 0, 1;
    %ix/load 0, 1, 0;
    %assign/v0 v0x9a4a728_0, 0, 1;
T_0.8 ;
T_0.6 ;
    %jmp T_0.5;
T_0.4 ;
    %load/v 8, v0x9a4a5e8_0, 1;
    %jmp/0xz  T_0.10, 8;
    %ix/load 0, 1, 0;
    %assign/v0 v0x9a4a648_0, 0, 0;
    %ix/load 0, 1, 0;
    %assign/v0 v0x9a4a7b0_0, 0, 0;
    %ix/load 0, 1, 0;
    %assign/v0 v0x9a4a728_0, 0, 0;
    %ix/load 0, 5, 0;
    %assign/v0 v0x9a4a6c8_0, 0, 0;
T_0.10 ;
T_0.5 ;
T_0.1 ;
    %jmp T_0;
    .thread T_0;
    .scope S_0x9a4d800;
T_1 ;
    %set/v v0x9a4a810_0, 0, 1;
    %set/v v0x9a4a870_0, 0, 1;
    %set/v v0x9a4a8e0_0, 0, 1;
    %end;
    .thread T_1;
    .scope S_0x9a4d800;
T_2 ;
    %delay 1, 0;
    %load/v 8, v0x9a4a870_0, 1;
    %inv 8, 1;
    %set/v v0x9a4a870_0, 8, 1;
    %jmp T_2;
    .thread T_2;
    .scope S_0x9a4d800;
T_3 ;
    %delay 10, 0;
    %movi 8, 4, 4;
T_3.0 %cmp/s 0, 8, 4;
    %jmp/0xz T_3.1, 5;
    %add 8, 1, 4;
    %delay 8, 0;
    %load/v 12, v0x9a4a8e0_0, 1;
    %inv 12, 1;
    %set/v v0x9a4a8e0_0, 12, 1;
    %jmp T_3.0;
T_3.1 ;
    %delay 50, 0;
    %set/v v0x9a4a810_0, 1, 1;
    %delay 2, 0;
    %set/v v0x9a4a8e0_0, 1, 1;
    %delay 32, 0;
    %load/v 8, v0x9a4a8e0_0, 1;
    %inv 8, 1;
    %set/v v0x9a4a8e0_0, 8, 1;
    %delay 32, 0;
    %load/v 8, v0x9a4a8e0_0, 1;
    %inv 8, 1;
    %set/v v0x9a4a8e0_0, 8, 1;
    %set/v v0x9a4a950_0, 1, 1;
    %delay 64, 0;
    %load/v 8, v0x9a4a8e0_0, 1;
    %inv 8, 1;
    %set/v v0x9a4a8e0_0, 8, 1;
    %delay 32, 0;
    %load/v 8, v0x9a4a8e0_0, 1;
    %inv 8, 1;
    %set/v v0x9a4a8e0_0, 8, 1;
    %load/v 8, v0x9a4a950_0, 1;
    %inv 8, 1;
    %set/v v0x9a4a950_0, 8, 1;
    %set/v v0x9a4a9c0_0, 1, 1;
    %delay 4, 0;
    %load/v 8, v0x9a4a9c0_0, 1;
    %inv 8, 1;
    %set/v v0x9a4a9c0_0, 8, 1;
    %delay 64, 0;
    %load/v 8, v0x9a4a8e0_0, 1;
    %inv 8, 1;
    %set/v v0x9a4a8e0_0, 8, 1;
    %delay 32, 0;
    %load/v 8, v0x9a4a8e0_0, 1;
    %inv 8, 1;
    %set/v v0x9a4a8e0_0, 8, 1;
    %load/v 8, v0x9a4a950_0, 1;
    %inv 8, 1;
    %set/v v0x9a4a950_0, 8, 1;
    %delay 32, 0;
    %load/v 8, v0x9a4a8e0_0, 1;
    %inv 8, 1;
    %set/v v0x9a4a8e0_0, 8, 1;
    %delay 32, 0;
    %load/v 8, v0x9a4a8e0_0, 1;
    %inv 8, 1;
    %set/v v0x9a4a8e0_0, 8, 1;
    %delay 16, 0;
    %vpi_call 2 65 "$finish";
    %end;
    .thread T_3;
    .scope S_0x9a4d800;
T_4 ;
    %vpi_call 2 73 "$dumpfile", "SoF_Detect_tb.vcd";
    %vpi_call 2 74 "$dumpvars", 1'sb0, S_0x9a4d800;
    %end;
    .thread T_4;
# The file index is used to find the file name in the following table.
:file_names 4;
    "N/A";
    "<interactive>";
    "tb_SoF_Detect.v";
    "SoF_Detect.v";
