#! /usr/bin/vvp
:ivl_version "0.9.7 " "(v0_9_7)";
:vpi_time_precision - 6;
:vpi_module "system";
:vpi_module "v2005_math";
:vpi_module "va_math";
S_0x94c0848 .scope module, "mill_modif_demod_tb" "mill_modif_demod_tb" 2 15;
 .timescale -6 -6;
v0x9505190_0 .var "clk", 0 0;
v0x95051f0_0 .var "in_PoR", 0 0;
v0x9505260_0 .var "in_data", 0 0;
v0x95052d0_0 .net "out_data", 0 0, v0x9504ea8_0; 1 drivers
S_0x94e6820 .scope module, "u1" "mill_modif_demod" 2 24, 3 10, S_0x94c0848;
 .timescale -6 -6;
P_0x94c05ec .param/l "N" 3 10, +C4<0101>;
L_0x95053d0 .functor AND 1, v0x9505190_0, v0x9505260_0, C4<1>, C4<1>;
v0x94e68a0_0 .net "aux", 1 0, L_0x9505340; 1 drivers
v0x9504b58_0 .net "clk", 0 0, v0x9505190_0; 1 drivers
v0x9504bb8_0 .var "count_end", 1 0;
v0x9504c18_0 .var "flag_count_end", 0 0;
v0x9504c80_0 .var "flag_pause", 0 0;
v0x9504ce0_0 .net "in_PoR", 0 0, v0x95051f0_0; 1 drivers
v0x9504d60_0 .net "in_clk", 0 0, L_0x95053d0; 1 drivers
v0x9504dc0_0 .net "in_data", 0 0, v0x9505260_0; 1 drivers
v0x9504e48_0 .var "in_pause", 0 0;
v0x9504ea8_0 .var "out_data", 0 0;
v0x9504f38_0 .var "out_pause", 0 0;
v0x9504f98_0 .var "reg_count", 4 0;
v0x9505030_0 .var "reg_etu", 0 0;
v0x9505090_0 .var "reg_flag", 0 0;
v0x9505130_0 .var "reg_mitad_etu", 0 0;
E_0x94e43f8 .event posedge, v0x9505130_0, v0x9505030_0, v0x9504c80_0;
E_0x94e4518 .event negedge, v0x9504ce0_0, v0x9504d60_0;
E_0x94e4490/0 .event negedge, v0x9504dc0_0;
E_0x94e4490/1 .event posedge, v0x9504f38_0;
E_0x94e4490 .event/or E_0x94e4490/0, E_0x94e4490/1;
L_0x9505340 .concat [ 1 1 0 0], v0x9504f38_0, v0x9505260_0;
    .scope S_0x94e6820;
T_0 ;
    %wait E_0x94e4490;
    %load/v 8, v0x9504ce0_0, 1;
    %jmp/0xz  T_0.0, 8;
    %load/v 8, v0x94e68a0_0, 2;
    %cmpi/u 8, 0, 2;
    %jmp/0xz  T_0.2, 4;
    %ix/load 0, 1, 0;
    %assign/v0 v0x9504e48_0, 0, 1;
    %jmp T_0.3;
T_0.2 ;
    %ix/load 0, 1, 0;
    %assign/v0 v0x9504e48_0, 0, 0;
    %ix/load 0, 1, 0;
    %assign/v0 v0x9504f38_0, 0, 0;
T_0.3 ;
T_0.0 ;
    %jmp T_0;
    .thread T_0;
    .scope S_0x94e6820;
T_1 ;
    %wait E_0x94e4518;
    %load/v 8, v0x9504ce0_0, 1;
    %inv 8, 1;
    %jmp/0xz  T_1.0, 8;
    %ix/load 0, 1, 0;
    %assign/v0 v0x9504ea8_0, 0, 0;
    %ix/load 0, 1, 0;
    %assign/v0 v0x9504f38_0, 0, 0;
    %ix/load 0, 1, 0;
    %assign/v0 v0x9505030_0, 0, 0;
    %ix/load 0, 1, 0;
    %assign/v0 v0x9505130_0, 0, 0;
    %ix/load 0, 5, 0;
    %assign/v0 v0x9504f98_0, 0, 0;
    %ix/load 0, 1, 0;
    %assign/v0 v0x9505090_0, 0, 0;
    %ix/load 0, 1, 0;
    %assign/v0 v0x9504c80_0, 0, 0;
    %ix/load 0, 1, 0;
    %assign/v0 v0x9504e48_0, 0, 0;
    %ix/load 0, 1, 0;
    %assign/v0 v0x9504c18_0, 0, 0;
    %ix/load 0, 2, 0;
    %assign/v0 v0x9504bb8_0, 0, 0;
    %jmp T_1.1;
T_1.0 ;
    %load/v 8, v0x9504c18_0, 1;
    %inv 8, 1;
    %jmp/0xz  T_1.2, 8;
    %load/v 8, v0x9504dc0_0, 1;
    %jmp/0xz  T_1.4, 8;
    %load/v 8, v0x9504f98_0, 5;
    %mov 13, 0, 27;
    %addi 8, 1, 32;
    %ix/load 0, 5, 0;
    %assign/v0 v0x9504f98_0, 0, 8;
T_1.4 ;
    %load/v 8, v0x9504f98_0, 5;
    %cmpi/u 8, 31, 5;
    %jmp/0xz  T_1.6, 4;
    %ix/load 0, 1, 0;
    %assign/v0 v0x9505030_0, 0, 1;
    %ix/load 0, 1, 0;
    %assign/v0 v0x9505130_0, 0, 0;
    %jmp T_1.7;
T_1.6 ;
    %load/v 8, v0x9504f98_0, 5;
    %cmpi/u 8, 15, 5;
    %jmp/0xz  T_1.8, 4;
    %ix/load 0, 1, 0;
    %assign/v0 v0x9505130_0, 0, 1;
T_1.8 ;
T_1.7 ;
    %load/v 8, v0x9504e48_0, 1;
    %jmp/0xz  T_1.10, 8;
    %load/v 8, v0x9504c80_0, 1;
    %inv 8, 1;
    %jmp/0xz  T_1.12, 8;
    %ix/load 0, 1, 0;
    %assign/v0 v0x9504c18_0, 0, 1;
    %ix/load 0, 5, 0;
    %assign/v0 v0x9504f98_0, 0, 0;
    %jmp T_1.13;
T_1.12 ;
    %ix/load 0, 1, 0;
    %assign/v0 v0x9504c80_0, 0, 0;
    %ix/load 0, 1, 0;
    %assign/v0 v0x9504f38_0, 0, 1;
T_1.13 ;
    %jmp T_1.11;
T_1.10 ;
    %ix/load 0, 1, 0;
    %assign/v0 v0x9504f38_0, 0, 0;
T_1.11 ;
    %jmp T_1.3;
T_1.2 ;
    %load/v 8, v0x9504bb8_0, 2;
    %cmpi/u 8, 1, 2;
    %jmp/0xz  T_1.14, 4;
    %ix/load 0, 1, 0;
    %assign/v0 v0x9504c18_0, 0, 0;
    %ix/load 0, 2, 0;
    %assign/v0 v0x9504bb8_0, 0, 0;
    %ix/load 0, 1, 0;
    %assign/v0 v0x9504c80_0, 0, 1;
    %jmp T_1.15;
T_1.14 ;
    %load/v 8, v0x9504bb8_0, 2;
    %mov 10, 0, 30;
    %addi 8, 1, 32;
    %ix/load 0, 2, 0;
    %assign/v0 v0x9504bb8_0, 0, 8;
T_1.15 ;
T_1.3 ;
T_1.1 ;
    %jmp T_1;
    .thread T_1;
    .scope S_0x94e6820;
T_2 ;
    %wait E_0x94e43f8;
    %load/v 8, v0x9505090_0, 1;
    %load/v 9, v0x9505130_0, 1;
    %and 8, 9, 1;
    %jmp/0xz  T_2.0, 8;
    %ix/load 0, 1, 0;
    %assign/v0 v0x9504ea8_0, 0, 0;
    %ix/load 0, 1, 0;
    %assign/v0 v0x9505090_0, 0, 0;
    %ix/load 0, 1, 0;
    %assign/v0 v0x9505130_0, 0, 0;
    %ix/load 0, 5, 0;
    %assign/v0 v0x9504f98_0, 0, 0;
T_2.0 ;
    %load/v 8, v0x9504c80_0, 1;
    %jmp/0xz  T_2.2, 8;
    %load/v 8, v0x9505130_0, 1;
    %jmp/0xz  T_2.4, 8;
    %load/v 8, v0x9505130_0, 1;
    %inv 8, 1;
    %ix/load 0, 1, 0;
    %assign/v0 v0x9505130_0, 0, 8;
    %ix/load 0, 1, 0;
    %assign/v0 v0x9505090_0, 0, 0;
    %ix/load 0, 5, 0;
    %assign/v0 v0x9504f98_0, 0, 0;
    %ix/load 0, 1, 0;
    %assign/v0 v0x9504ea8_0, 0, 1;
    %jmp T_2.5;
T_2.4 ;
    %ix/load 0, 1, 0;
    %assign/v0 v0x9505090_0, 0, 1;
T_2.5 ;
    %jmp T_2.3;
T_2.2 ;
    %load/v 8, v0x9505030_0, 1;
    %jmp/0xz  T_2.6, 8;
    %ix/load 0, 1, 0;
    %assign/v0 v0x9504ea8_0, 0, 0;
    %load/v 8, v0x9505030_0, 1;
    %inv 8, 1;
    %ix/load 0, 1, 0;
    %assign/v0 v0x9505030_0, 0, 8;
    %ix/load 0, 5, 0;
    %assign/v0 v0x9504f98_0, 0, 0;
T_2.6 ;
T_2.3 ;
    %jmp T_2;
    .thread T_2;
    .scope S_0x94c0848;
T_3 ;
    %set/v v0x9505190_0, 0, 1;
    %set/v v0x9505260_0, 0, 1;
    %set/v v0x95051f0_0, 0, 1;
    %end;
    .thread T_3;
    .scope S_0x94c0848;
T_4 ;
    %delay 1, 0;
    %load/v 8, v0x9505190_0, 1;
    %inv 8, 1;
    %set/v v0x9505190_0, 8, 1;
    %jmp T_4;
    .thread T_4;
    .scope S_0x94c0848;
T_5 ;
    %delay 10, 0;
    %movi 8, 4, 4;
T_5.0 %cmp/s 0, 8, 4;
    %jmp/0xz T_5.1, 5;
    %add 8, 1, 4;
    %delay 8, 0;
    %load/v 12, v0x9505260_0, 1;
    %inv 12, 1;
    %set/v v0x9505260_0, 12, 1;
    %jmp T_5.0;
T_5.1 ;
    %delay 36, 0;
    %set/v v0x95051f0_0, 1, 1;
    %set/v v0x9505260_0, 1, 1;
    %delay 32, 0;
    %load/v 8, v0x9505260_0, 1;
    %inv 8, 1;
    %set/v v0x9505260_0, 8, 1;
    %delay 26, 0;
    %load/v 8, v0x9505260_0, 1;
    %inv 8, 1;
    %set/v v0x9505260_0, 8, 1;
    %delay 70, 0;
    %load/v 8, v0x9505260_0, 1;
    %inv 8, 1;
    %set/v v0x9505260_0, 8, 1;
    %delay 26, 0;
    %load/v 8, v0x9505260_0, 1;
    %inv 8, 1;
    %set/v v0x9505260_0, 8, 1;
    %delay 70, 0;
    %load/v 8, v0x9505260_0, 1;
    %inv 8, 1;
    %set/v v0x9505260_0, 8, 1;
    %delay 26, 0;
    %load/v 8, v0x9505260_0, 1;
    %inv 8, 1;
    %set/v v0x9505260_0, 8, 1;
    %delay 38, 0;
    %load/v 8, v0x9505260_0, 1;
    %inv 8, 1;
    %set/v v0x9505260_0, 8, 1;
    %delay 26, 0;
    %load/v 8, v0x9505260_0, 1;
    %inv 8, 1;
    %set/v v0x9505260_0, 8, 1;
    %delay 134, 0;
    %load/v 8, v0x9505260_0, 1;
    %inv 8, 1;
    %set/v v0x9505260_0, 8, 1;
    %delay 26, 0;
    %load/v 8, v0x9505260_0, 1;
    %inv 8, 1;
    %set/v v0x9505260_0, 8, 1;
    %delay 70, 0;
    %load/v 8, v0x9505260_0, 1;
    %inv 8, 1;
    %set/v v0x9505260_0, 8, 1;
    %delay 26, 0;
    %load/v 8, v0x9505260_0, 1;
    %inv 8, 1;
    %set/v v0x9505260_0, 8, 1;
    %delay 16, 0;
    %vpi_call 2 66 "$finish";
    %end;
    .thread T_5;
    .scope S_0x94c0848;
T_6 ;
    %vpi_call 2 74 "$dumpfile", "mill_modif_demod_tb.vcd";
    %vpi_call 2 75 "$dumpvars", 1'sb0, S_0x94c0848;
    %end;
    .thread T_6;
# The file index is used to find the file name in the following table.
:file_names 4;
    "N/A";
    "<interactive>";
    "tb_mill_modif_demod.v";
    "mill_modif_demod.v";
